<?xml version="1.0" encoding="UTF-8"?>
<testsuite name="RockPaperTest" tests="1" skipped="0" failures="0" errors="0" timestamp="2016-02-10T18:12:49" hostname="epicodus-61.local" time="0.001">
  <properties/>
  <testcase name="checkPlayer1Wins_rockBeatsScissors_true" classname="RockPaperTest" time="0.001"/>
  <system-out><![CDATA[]]></system-out>
  <system-err><![CDATA[]]></system-err>
</testsuite>
